[2023-06-07 15:48:25] laravel.EMERGENCY: Unable to create configured logger. Using emergency logger. {"exception":"[object] (TypeError(code: 0): Monolog\\Handler\\SlackWebhookHandler::__construct(): Argument #1 ($webhookUrl) must be of type string, null given, called in C:\\xampp\\htdocs\\omulimisa\\vendor\\laravel\\framework\\src\\Illuminate\\Log\\LogManager.php on line 314 at C:\\xampp\\htdocs\\omulimisa\\vendor\\monolog\\monolog\\src\\Monolog\\Handler\\SlackWebhookHandler.php:49)
[stacktrace]
#0 C:\\xampp\\htdocs\\omulimisa\\vendor\\laravel\\framework\\src\\Illuminate\\Log\\LogManager.php(314): Monolog\\Handler\\SlackWebhookHandler->__construct(NULL, NULL, 'Laravel Log', true, ':boom:', false, true, 100, true, Array)
#1 C:\\xampp\\htdocs\\omulimisa\\vendor\\laravel\\framework\\src\\Illuminate\\Log\\LogManager.php(210): Illuminate\\Log\\LogManager->createSlackDriver(Array)
#2 C:\\xampp\\htdocs\\omulimisa\\vendor\\laravel\\framework\\src\\Illuminate\\Log\\LogManager.php(125): Illuminate\\Log\\LogManager->resolve('slack', Array)
#3 C:\\xampp\\htdocs\\omulimisa\\vendor\\laravel\\framework\\src\\Illuminate\\Log\\LogManager.php(112): Illuminate\\Log\\LogManager->get('slack')
#4 C:\\xampp\\htdocs\\omulimisa\\vendor\\laravel\\framework\\src\\Illuminate\\Log\\LogManager.php(101): Illuminate\\Log\\LogManager->driver('slack')
#5 C:\\xampp\\htdocs\\omulimisa\\vendor\\laravel\\framework\\src\\Illuminate\\Log\\LogManager.php(255): Illuminate\\Log\\LogManager->channel('slack')
#6 [internal function]: Illuminate\\Log\\LogManager->Illuminate\\Log\\{closure}('slack', 1)
#7 C:\\xampp\\htdocs\\omulimisa\\vendor\\laravel\\framework\\src\\Illuminate\\Collections\\Collection.php(695): array_map(Object(Closure), Array, Array)
#8 C:\\xampp\\htdocs\\omulimisa\\vendor\\laravel\\framework\\src\\Illuminate\\Collections\\Traits\\EnumeratesValues.php(354): Illuminate\\Support\\Collection->map(Object(Closure))
#9 C:\\xampp\\htdocs\\omulimisa\\vendor\\laravel\\framework\\src\\Illuminate\\Log\\LogManager.php(252): Illuminate\\Support\\Collection->flatMap(Object(Closure))
#10 C:\\xampp\\htdocs\\omulimisa\\vendor\\laravel\\framework\\src\\Illuminate\\Log\\LogManager.php(210): Illuminate\\Log\\LogManager->createStackDriver(Array)
#11 C:\\xampp\\htdocs\\omulimisa\\vendor\\laravel\\framework\\src\\Illuminate\\Log\\LogManager.php(125): Illuminate\\Log\\LogManager->resolve('stack', Array)
#12 C:\\xampp\\htdocs\\omulimisa\\vendor\\laravel\\framework\\src\\Illuminate\\Log\\LogManager.php(112): Illuminate\\Log\\LogManager->get('stack')
#13 C:\\xampp\\htdocs\\omulimisa\\vendor\\laravel\\framework\\src\\Illuminate\\Log\\LogManager.php(590): Illuminate\\Log\\LogManager->driver()
#14 C:\\xampp\\htdocs\\omulimisa\\vendor\\laravel\\framework\\src\\Illuminate\\Foundation\\Exceptions\\Handler.php(247): Illuminate\\Log\\LogManager->error('Please provide ...', Array)
#15 C:\\xampp\\htdocs\\omulimisa\\app\\Exceptions\\Handler.php(46): Illuminate\\Foundation\\Exceptions\\Handler->report(Object(InvalidArgumentException))
#16 C:\\xampp\\htdocs\\omulimisa\\vendor\\laravel\\framework\\src\\Illuminate\\Foundation\\Http\\Kernel.php(415): App\\Exceptions\\Handler->report(Object(InvalidArgumentException))
#17 C:\\xampp\\htdocs\\omulimisa\\vendor\\laravel\\framework\\src\\Illuminate\\Foundation\\Http\\Kernel.php(113): Illuminate\\Foundation\\Http\\Kernel->reportException(Object(InvalidArgumentException))
#18 C:\\xampp\\htdocs\\omulimisa\\public\\index.php(51): Illuminate\\Foundation\\Http\\Kernel->handle(Object(Illuminate\\Http\\Request))
#19 C:\\xampp\\htdocs\\omulimisa\\server.php(21): require_once('C:\\\\xampp\\\\htdocs...')
#20 {main}
"} 
[2023-06-07 15:48:25] laravel.EMERGENCY: Unable to create configured logger. Using emergency logger. {"exception":"[object] (TypeError(code: 0): Monolog\\Handler\\SlackWebhookHandler::__construct(): Argument #1 ($webhookUrl) must be of type string, null given, called in C:\\xampp\\htdocs\\omulimisa\\vendor\\laravel\\framework\\src\\Illuminate\\Log\\LogManager.php on line 314 at C:\\xampp\\htdocs\\omulimisa\\vendor\\monolog\\monolog\\src\\Monolog\\Handler\\SlackWebhookHandler.php:49)
[stacktrace]
#0 C:\\xampp\\htdocs\\omulimisa\\vendor\\laravel\\framework\\src\\Illuminate\\Log\\LogManager.php(314): Monolog\\Handler\\SlackWebhookHandler->__construct(NULL, NULL, 'Laravel Log', true, ':boom:', false, true, 100, true, Array)
#1 C:\\xampp\\htdocs\\omulimisa\\vendor\\laravel\\framework\\src\\Illuminate\\Log\\LogManager.php(210): Illuminate\\Log\\LogManager->createSlackDriver(Array)
#2 C:\\xampp\\htdocs\\omulimisa\\vendor\\laravel\\framework\\src\\Illuminate\\Log\\LogManager.php(125): Illuminate\\Log\\LogManager->resolve('slack', Array)
#3 C:\\xampp\\htdocs\\omulimisa\\vendor\\laravel\\framework\\src\\Illuminate\\Log\\LogManager.php(112): Illuminate\\Log\\LogManager->get('slack')
#4 C:\\xampp\\htdocs\\omulimisa\\vendor\\laravel\\framework\\src\\Illuminate\\Log\\LogManager.php(101): Illuminate\\Log\\LogManager->driver('slack')
#5 C:\\xampp\\htdocs\\omulimisa\\vendor\\laravel\\framework\\src\\Illuminate\\Log\\LogManager.php(261): Illuminate\\Log\\LogManager->channel('slack')
#6 [internal function]: Illuminate\\Log\\LogManager->Illuminate\\Log\\{closure}('slack', 1)
#7 C:\\xampp\\htdocs\\omulimisa\\vendor\\laravel\\framework\\src\\Illuminate\\Collections\\Collection.php(695): array_map(Object(Closure), Array, Array)
#8 C:\\xampp\\htdocs\\omulimisa\\vendor\\laravel\\framework\\src\\Illuminate\\Collections\\Traits\\EnumeratesValues.php(354): Illuminate\\Support\\Collection->map(Object(Closure))
#9 C:\\xampp\\htdocs\\omulimisa\\vendor\\laravel\\framework\\src\\Illuminate\\Log\\LogManager.php(258): Illuminate\\Support\\Collection->flatMap(Object(Closure))
#10 C:\\xampp\\htdocs\\omulimisa\\vendor\\laravel\\framework\\src\\Illuminate\\Log\\LogManager.php(210): Illuminate\\Log\\LogManager->createStackDriver(Array)
#11 C:\\xampp\\htdocs\\omulimisa\\vendor\\laravel\\framework\\src\\Illuminate\\Log\\LogManager.php(125): Illuminate\\Log\\LogManager->resolve('stack', Array)
#12 C:\\xampp\\htdocs\\omulimisa\\vendor\\laravel\\framework\\src\\Illuminate\\Log\\LogManager.php(112): Illuminate\\Log\\LogManager->get('stack')
#13 C:\\xampp\\htdocs\\omulimisa\\vendor\\laravel\\framework\\src\\Illuminate\\Log\\LogManager.php(590): Illuminate\\Log\\LogManager->driver()
#14 C:\\xampp\\htdocs\\omulimisa\\vendor\\laravel\\framework\\src\\Illuminate\\Foundation\\Exceptions\\Handler.php(247): Illuminate\\Log\\LogManager->error('Please provide ...', Array)
#15 C:\\xampp\\htdocs\\omulimisa\\app\\Exceptions\\Handler.php(46): Illuminate\\Foundation\\Exceptions\\Handler->report(Object(InvalidArgumentException))
#16 C:\\xampp\\htdocs\\omulimisa\\vendor\\laravel\\framework\\src\\Illuminate\\Foundation\\Http\\Kernel.php(415): App\\Exceptions\\Handler->report(Object(InvalidArgumentException))
#17 C:\\xampp\\htdocs\\omulimisa\\vendor\\laravel\\framework\\src\\Illuminate\\Foundation\\Http\\Kernel.php(113): Illuminate\\Foundation\\Http\\Kernel->reportException(Object(InvalidArgumentException))
#18 C:\\xampp\\htdocs\\omulimisa\\public\\index.php(51): Illuminate\\Foundation\\Http\\Kernel->handle(Object(Illuminate\\Http\\Request))
#19 C:\\xampp\\htdocs\\omulimisa\\server.php(21): require_once('C:\\\\xampp\\\\htdocs...')
#20 {main}
"} 
[2023-06-07 15:48:25] local.ERROR: Please provide a valid cache path. {"exception":"[object] (InvalidArgumentException(code: 0): Please provide a valid cache path. at C:\\xampp\\htdocs\\omulimisa\\vendor\\laravel\\framework\\src\\Illuminate\\View\\Compilers\\Compiler.php:36)
[stacktrace]
#0 C:\\xampp\\htdocs\\omulimisa\\vendor\\laravel\\framework\\src\\Illuminate\\View\\ViewServiceProvider.php(88): Illuminate\\View\\Compilers\\Compiler->__construct(Object(Illuminate\\Filesystem\\Filesystem), false)
#1 C:\\xampp\\htdocs\\omulimisa\\vendor\\laravel\\framework\\src\\Illuminate\\Container\\Container.php(873): Illuminate\\View\\ViewServiceProvider->Illuminate\\View\\{closure}(Object(Illuminate\\Foundation\\Application), Array)
#2 C:\\xampp\\htdocs\\omulimisa\\vendor\\laravel\\framework\\src\\Illuminate\\Container\\Container.php(758): Illuminate\\Container\\Container->build(Object(Closure))
#3 C:\\xampp\\htdocs\\omulimisa\\vendor\\laravel\\framework\\src\\Illuminate\\Foundation\\Application.php(851): Illuminate\\Container\\Container->resolve('blade.compiler', Array, true)
#4 C:\\xampp\\htdocs\\omulimisa\\vendor\\laravel\\framework\\src\\Illuminate\\Container\\Container.php(694): Illuminate\\Foundation\\Application->resolve('blade.compiler', Array)
#5 C:\\xampp\\htdocs\\omulimisa\\vendor\\laravel\\framework\\src\\Illuminate\\Foundation\\Application.php(836): Illuminate\\Container\\Container->make('blade.compiler', Array)
#6 C:\\xampp\\htdocs\\omulimisa\\vendor\\laravel\\framework\\src\\Illuminate\\Container\\Container.php(1419): Illuminate\\Foundation\\Application->make('blade.compiler')
#7 C:\\xampp\\htdocs\\omulimisa\\vendor\\laravel\\framework\\src\\Illuminate\\Support\\Facades\\Facade.php(198): Illuminate\\Container\\Container->offsetGet('blade.compiler')
#8 C:\\xampp\\htdocs\\omulimisa\\vendor\\laravel\\framework\\src\\Illuminate\\Support\\Facades\\Facade.php(166): Illuminate\\Support\\Facades\\Facade::resolveFacadeInstance('blade.compiler')
#9 C:\\xampp\\htdocs\\omulimisa\\vendor\\laravel\\framework\\src\\Illuminate\\Support\\Facades\\Facade.php(255): Illuminate\\Support\\Facades\\Facade::getFacadeRoot()
#10 C:\\xampp\\htdocs\\omulimisa\\vendor\\encore\\laravel-admin\\src\\AdminServiceProvider.php(139): Illuminate\\Support\\Facades\\Facade::__callStatic('withoutDoubleEn...', Array)
#11 C:\\xampp\\htdocs\\omulimisa\\vendor\\encore\\laravel-admin\\src\\AdminServiceProvider.php(85): Encore\\Admin\\AdminServiceProvider->compatibleBlade()
#12 C:\\xampp\\htdocs\\omulimisa\\vendor\\laravel\\framework\\src\\Illuminate\\Container\\BoundMethod.php(36): Encore\\Admin\\AdminServiceProvider->boot()
#13 C:\\xampp\\htdocs\\omulimisa\\vendor\\laravel\\framework\\src\\Illuminate\\Container\\Util.php(40): Illuminate\\Container\\BoundMethod::Illuminate\\Container\\{closure}()
#14 C:\\xampp\\htdocs\\omulimisa\\vendor\\laravel\\framework\\src\\Illuminate\\Container\\BoundMethod.php(93): Illuminate\\Container\\Util::unwrapIfClosure(Object(Closure))
#15 C:\\xampp\\htdocs\\omulimisa\\vendor\\laravel\\framework\\src\\Illuminate\\Container\\BoundMethod.php(35): Illuminate\\Container\\BoundMethod::callBoundMethod(Object(Illuminate\\Foundation\\Application), Array, Object(Closure))
#16 C:\\xampp\\htdocs\\omulimisa\\vendor\\laravel\\framework\\src\\Illuminate\\Container\\Container.php(653): Illuminate\\Container\\BoundMethod::call(Object(Illuminate\\Foundation\\Application), Array, Array, NULL)
#17 C:\\xampp\\htdocs\\omulimisa\\vendor\\laravel\\framework\\src\\Illuminate\\Foundation\\Application.php(924): Illuminate\\Container\\Container->call(Array)
#18 C:\\xampp\\htdocs\\omulimisa\\vendor\\laravel\\framework\\src\\Illuminate\\Foundation\\Application.php(905): Illuminate\\Foundation\\Application->bootProvider(Object(Encore\\Admin\\AdminServiceProvider))
#19 [internal function]: Illuminate\\Foundation\\Application->Illuminate\\Foundation\\{closure}(Object(Encore\\Admin\\AdminServiceProvider), 17)
#20 C:\\xampp\\htdocs\\omulimisa\\vendor\\laravel\\framework\\src\\Illuminate\\Foundation\\Application.php(904): array_walk(Array, Object(Closure))
#21 C:\\xampp\\htdocs\\omulimisa\\vendor\\laravel\\framework\\src\\Illuminate\\Foundation\\Bootstrap\\BootProviders.php(17): Illuminate\\Foundation\\Application->boot()
#22 C:\\xampp\\htdocs\\omulimisa\\vendor\\laravel\\framework\\src\\Illuminate\\Foundation\\Application.php(237): Illuminate\\Foundation\\Bootstrap\\BootProviders->bootstrap(Object(Illuminate\\Foundation\\Application))
#23 C:\\xampp\\htdocs\\omulimisa\\vendor\\laravel\\framework\\src\\Illuminate\\Foundation\\Http\\Kernel.php(153): Illuminate\\Foundation\\Application->bootstrapWith(Array)
#24 C:\\xampp\\htdocs\\omulimisa\\vendor\\laravel\\framework\\src\\Illuminate\\Foundation\\Http\\Kernel.php(137): Illuminate\\Foundation\\Http\\Kernel->bootstrap()
#25 C:\\xampp\\htdocs\\omulimisa\\vendor\\laravel\\framework\\src\\Illuminate\\Foundation\\Http\\Kernel.php(111): Illuminate\\Foundation\\Http\\Kernel->sendRequestThroughRouter(Object(Illuminate\\Http\\Request))
#26 C:\\xampp\\htdocs\\omulimisa\\public\\index.php(51): Illuminate\\Foundation\\Http\\Kernel->handle(Object(Illuminate\\Http\\Request))
#27 C:\\xampp\\htdocs\\omulimisa\\server.php(21): require_once('C:\\\\xampp\\\\htdocs...')
#28 {main}
"} 
